<?xml version="1.0" encoding="UTF-8"?>
<testng-results skipped="0" failed="0" total="3" passed="3">
  <reporter-output>
  </reporter-output>
  <suite name="Default suite" duration-ms="62" started-at="2018-12-31T13:20:37Z" finished-at="2018-12-31T13:20:37Z">
    <groups>
    </groups>
    <test name="Default test" duration-ms="62" started-at="2018-12-31T13:20:37Z" finished-at="2018-12-31T13:20:37Z">
      <class name="org.openrefine.phonetic.keyers.DaitchMokotoffKeyerTest">
        <test-method status="PASS" signature="testAccents()[pri:0, instance:org.openrefine.phonetic.keyers.DaitchMokotoffKeyerTest@25bbe1b6]" name="testAccents" duration-ms="19" started-at="2018-12-31T14:20:37Z" finished-at="2018-12-31T14:20:37Z">
          <reporter-output>
          </reporter-output>
        </test-method> <!-- testAccents -->
        <test-method status="PASS" signature="testDaitchMokotoff()[pri:0, instance:org.openrefine.phonetic.keyers.DaitchMokotoffKeyerTest@25bbe1b6]" name="testDaitchMokotoff" duration-ms="3" started-at="2018-12-31T14:20:37Z" finished-at="2018-12-31T14:20:37Z">
          <reporter-output>
          </reporter-output>
        </test-method> <!-- testDaitchMokotoff -->
        <test-method status="PASS" signature="testEmpty()[pri:0, instance:org.openrefine.phonetic.keyers.DaitchMokotoffKeyerTest@25bbe1b6]" name="testEmpty" duration-ms="3" started-at="2018-12-31T14:20:37Z" finished-at="2018-12-31T14:20:37Z">
          <reporter-output>
          </reporter-output>
        </test-method> <!-- testEmpty -->
      </class> <!-- org.openrefine.phonetic.keyers.DaitchMokotoffKeyerTest -->
    </test> <!-- Default test -->
  </suite> <!-- Default suite -->
</testng-results>
